#
# A fatal error has been detected by the Java Runtime Environment:
#
#  EXCEPTION_GUARD_PAGE (0x80000001) at pc=0x0000000070973977, pid=4340, tid=7768
#
# JRE version: Java(TM) SE Runtime Environment (8.0_91-b14) (build 1.8.0_91-b14)
# Java VM: Java HotSpot(TM) 64-Bit Server VM (25.91-b14 mixed mode windows-amd64 compressed oops)
# Problematic frame:
# V  [jvm.dll+0xf3977]
#
# Failed to write core dump. Minidumps are not enabled by default on client versions of Windows
#
# If you would like to submit a bug report, please visit:
#   http://bugreport.java.com/bugreport/crash.jsp
#

---------------  T H R E A D  ---------------

Current thread (0x0000000022b94800):  JavaThread "http-nio-8081-exec-3" daemon [_thread_in_vm, id=7768, stack(0x000000002bbc0000,0x000000002bcc0000)]

siginfo: ExceptionCode=0x80000001, ExceptionInformation=0x0000000000000000 0x000000002b9c0000 

Registers:
RAX=0x0000000000000002, RBX=0x000000002b8ea020, RCX=0x00000000000d5feb, RDX=0x0000000000000000
RSP=0x000000002bcbd440, RBP=0x000000002bcbd4c9, RSI=0x0000000070e79dd8, RDI=0x0000000022b94800
R8 =0x00000000000d5fdc, R9 =0x1fffffffffffffff, R10=0x000000000000000c, R11=0x00000006c285ed38
R12=0x00000007c0328018, R13=0x000000002bcbd588, R14=0x0000000000000000, R15=0x0000000022b94800
RIP=0x0000000070973977, EFLAGS=0x0000000000010202

Top of Stack: (sp=0x000000002bcbd440)
0x000000002bcbd440:   0000000022b94800 000000002b8ea020
0x000000002bcbd450:   0000000070e79dd8 000000002bcbd530
0x000000002bcbd460:   00000000238befc0 0000000070aa44f1
0x000000002bcbd470:   00000000238bf028 00000000238bf038
0x000000002bcbd480:   000000002bcbd4c9 00000000238bf028
0x000000002bcbd490:   0000000000000003 0000000022b94800
0x000000002bcbd4a0:   00000000238bf040 00000000238bf030
0x000000002bcbd4b0:   00000000238befc0 000000002b8feb78
0x000000002bcbd4c0:   0000000022b94800 0000000070e620d8
0x000000002bcbd4d0:   000000002638fa60 000000000000003a
0x000000002bcbd4e0:   0000000700000063 0000000322b90000
0x000000002bcbd4f0:   00000007c0328018 000000002b8feb78
0x000000002bcbd500:   0000000022b94800 0000000000000011
0x000000002bcbd510:   0000000000000005 0000000000000005
0x000000002bcbd520:   000000002271a310 0000000070a1aa54
0x000000002bcbd530:   00000000238bf048 0000000000000001 

Instructions: (pc=0x0000000070973977)
0x0000000070973957:   8b 5c 24 38 48 83 c4 20 5f c3 45 33 c0 85 f6 7e
0x0000000070973967:   3d 41 ba 0c 00 00 00 66 90 80 3d ba 02 71 00 00
0x0000000070973977:   42 0f b6 54 03 04 b8 10 00 00 00 49 0f 45 c2 83
0x0000000070973987:   c0 0b 48 98 48 83 e0 f8 48 c1 e8 03 48 98 49 8d 


Register to memory mapping:

RAX=0x0000000000000002 is an unknown value
RBX={method} {0x000000002b8ea028} 'write' '([CII)V' in 'org/apache/catalina/connector/CoyoteWriter'
RCX=0x00000000000d5feb is an unknown value
RDX=0x0000000000000000 is an unknown value
RSP=0x000000002bcbd440 is pointing into the stack for thread: 0x0000000022b94800
RBP=0x000000002bcbd4c9 is pointing into the stack for thread: 0x0000000022b94800
RSI=0x0000000070e79dd8 is an unknown value
RDI=0x0000000022b94800 is a thread
R8 =0x00000000000d5fdc is an unknown value
R9 =0x1fffffffffffffff is an unknown value
R10=0x000000000000000c is an unknown value
R11=0x00000006c285ed38 is an oop
[B 
 - klass: {type array byte}
 - length: 1894227416
R12=0x00000007c0328018 is pointing into metadata
R13=0x000000002bcbd588 is pointing into the stack for thread: 0x0000000022b94800
R14=0x0000000000000000 is an unknown value
R15=0x0000000022b94800 is a thread


Stack: [0x000000002bbc0000,0x000000002bcc0000],  sp=0x000000002bcbd440,  free space=1013k
Native frames: (J=compiled Java code, j=interpreted, Vv=VM code, C=native code)
V  [jvm.dll+0xf3977]
V  [jvm.dll+0x2244f1]
V  [jvm.dll+0x19aa54]
V  [jvm.dll+0x19ad66]
C  0x0000000003d0d4f5

Java frames: (J=compiled Java code, j=interpreted, Vv=VM code)
J 3057  java.lang.Class.getDeclaredMethods0(Z)[Ljava/lang/reflect/Method; (0 bytes) @ 0x0000000003d0d47b [0x0000000003d0d440+0x3b]
J 4627 C2 java.lang.Class.privateGetDeclaredMethods(Z)[Ljava/lang/reflect/Method; (67 bytes) @ 0x000000000437c66c [0x000000000437c440+0x22c]
J 3350 C1 org.springframework.util.ReflectionUtils.getDeclaredMethods(Ljava/lang/Class;Z)[Ljava/lang/reflect/Method; (212 bytes) @ 0x0000000003e35224 [0x0000000003e34ea0+0x384]
J 3848 C1 org.springframework.util.ReflectionUtils.doWithMethods(Ljava/lang/Class;Lorg/springframework/util/ReflectionUtils$MethodCallback;Lorg/springframework/util/ReflectionUtils$MethodFilter;)V (195 bytes) @ 0x000000000406b194 [0x000000000406b120+0x74]
j  org.springframework.core.MethodIntrospector.selectMethods(Ljava/lang/Class;Lorg/springframework/core/MethodIntrospector$MetadataLookup;)Ljava/util/Map;+110
j  org.springframework.core.MethodIntrospector.selectMethods(Ljava/lang/Class;Lorg/springframework/util/ReflectionUtils$MethodFilter;)Ljava/util/Set;+7
j  org.springframework.web.servlet.mvc.method.annotation.RequestMappingHandlerAdapter.getDataBinderFactory(Lorg/springframework/web/method/HandlerMethod;)Lorg/springframework/web/bind/support/WebDataBinderFactory;+27
j  org.springframework.web.servlet.mvc.method.annotation.RequestMappingHandlerAdapter.invokeHandlerMethod(Ljavax/servlet/http/HttpServletRequest;Ljavax/servlet/http/HttpServletResponse;Lorg/springframework/web/method/HandlerMethod;)Lorg/springframework/web/servlet/ModelAndView;+13
j  org.springframework.web.servlet.mvc.method.annotation.RequestMappingHandlerAdapter.handleInternal(Ljavax/servlet/http/HttpServletRequest;Ljavax/servlet/http/HttpServletResponse;Lorg/springframework/web/method/HandlerMethod;)Lorg/springframework/web/servlet/ModelAndView;+81
j  org.springframework.web.servlet.mvc.method.AbstractHandlerMethodAdapter.handle(Ljavax/servlet/http/HttpServletRequest;Ljavax/servlet/http/HttpServletResponse;Ljava/lang/Object;)Lorg/springframework/web/servlet/ModelAndView;+7
j  org.springframework.web.servlet.DispatcherServlet.doDispatch(Ljavax/servlet/http/HttpServletRequest;Ljavax/servlet/http/HttpServletResponse;)V+259
j  org.springframework.web.servlet.DispatcherServlet.doService(Ljavax/servlet/http/HttpServletRequest;Ljavax/servlet/http/HttpServletResponse;)V+212
j  org.springframework.web.servlet.FrameworkServlet.processRequest(Ljavax/servlet/http/HttpServletRequest;Ljavax/servlet/http/HttpServletResponse;)V+71
j  org.springframework.web.servlet.FrameworkServlet.doGet(Ljavax/servlet/http/HttpServletRequest;Ljavax/servlet/http/HttpServletResponse;)V+3
j  javax.servlet.http.HttpServlet.service(Ljavax/servlet/http/HttpServletRequest;Ljavax/servlet/http/HttpServletResponse;)V+35
j  org.springframework.web.servlet.FrameworkServlet.service(Ljavax/servlet/http/HttpServletRequest;Ljavax/servlet/http/HttpServletResponse;)V+33
j  javax.servlet.http.HttpServlet.service(Ljavax/servlet/ServletRequest;Ljavax/servlet/ServletResponse;)V+37
j  org.apache.catalina.core.ApplicationFilterChain.internalDoFilter(Ljavax/servlet/ServletRequest;Ljavax/servlet/ServletResponse;)V+304
j  org.apache.catalina.core.ApplicationFilterChain.doFilter(Ljavax/servlet/ServletRequest;Ljavax/servlet/ServletResponse;)V+101
j  org.apache.tomcat.websocket.server.WsFilter.doFilter(Ljavax/servlet/ServletRequest;Ljavax/servlet/ServletResponse;Ljavax/servlet/FilterChain;)V+21
j  org.apache.catalina.core.ApplicationFilterChain.internalDoFilter(Ljavax/servlet/ServletRequest;Ljavax/servlet/ServletResponse;)V+135
j  org.apache.catalina.core.ApplicationFilterChain.doFilter(Ljavax/servlet/ServletRequest;Ljavax/servlet/ServletResponse;)V+101
j  org.springframework.web.filter.RequestContextFilter.doFilterInternal(Ljavax/servlet/http/HttpServletRequest;Ljavax/servlet/http/HttpServletResponse;Ljavax/servlet/FilterChain;)V+21
j  org.springframework.web.filter.OncePerRequestFilter.doFilter(Ljavax/servlet/ServletRequest;Ljavax/servlet/ServletResponse;Ljavax/servlet/FilterChain;)V+147
j  org.apache.catalina.core.ApplicationFilterChain.internalDoFilter(Ljavax/servlet/ServletRequest;Ljavax/servlet/ServletResponse;)V+135
j  org.apache.catalina.core.ApplicationFilterChain.doFilter(Ljavax/servlet/ServletRequest;Ljavax/servlet/ServletResponse;)V+101
j  org.springframework.web.filter.FormContentFilter.doFilterInternal(Ljavax/servlet/http/HttpServletRequest;Ljavax/servlet/http/HttpServletResponse;Ljavax/servlet/FilterChain;)V+38
j  org.springframework.web.filter.OncePerRequestFilter.doFilter(Ljavax/servlet/ServletRequest;Ljavax/servlet/ServletResponse;Ljavax/servlet/FilterChain;)V+147
j  org.apache.catalina.core.ApplicationFilterChain.internalDoFilter(Ljavax/servlet/ServletRequest;Ljavax/servlet/ServletResponse;)V+135
j  org.apache.catalina.core.ApplicationFilterChain.doFilter(Ljavax/servlet/ServletRequest;Ljavax/servlet/ServletResponse;)V+101
j  org.springframework.web.filter.CharacterEncodingFilter.doFilterInternal(Ljavax/servlet/http/HttpServletRequest;Ljavax/servlet/http/HttpServletResponse;Ljavax/servlet/FilterChain;)V+53
j  org.springframework.web.filter.OncePerRequestFilter.doFilter(Ljavax/servlet/ServletRequest;Ljavax/servlet/ServletResponse;Ljavax/servlet/FilterChain;)V+147
j  org.apache.catalina.core.ApplicationFilterChain.internalDoFilter(Ljavax/servlet/ServletRequest;Ljavax/servlet/ServletResponse;)V+135
j  org.apache.catalina.core.ApplicationFilterChain.doFilter(Ljavax/servlet/ServletRequest;Ljavax/servlet/ServletResponse;)V+101
j  org.apache.catalina.core.StandardWrapperValve.invoke(Lorg/apache/catalina/connector/Request;Lorg/apache/catalina/connector/Response;)V+694
j  org.apache.catalina.core.StandardContextValve.invoke(Lorg/apache/catalina/connector/Request;Lorg/apache/catalina/connector/Response;)V+166
j  org.apache.catalina.authenticator.AuthenticatorBase.invoke(Lorg/apache/catalina/connector/Request;Lorg/apache/catalina/connector/Response;)V+261
j  org.apache.catalina.core.StandardHostValve.invoke(Lorg/apache/catalina/connector/Request;Lorg/apache/catalina/connector/Response;)V+114
j  org.apache.catalina.valves.ErrorReportValve.invoke(Lorg/apache/catalina/connector/Request;Lorg/apache/catalina/connector/Response;)V+6
j  org.apache.catalina.core.StandardEngineValve.invoke(Lorg/apache/catalina/connector/Request;Lorg/apache/catalina/connector/Response;)V+45
j  org.apache.catalina.connector.CoyoteAdapter.service(Lorg/apache/coyote/Request;Lorg/apache/coyote/Response;)V+200
j  org.apache.coyote.http11.Http11Processor.service(Lorg/apache/tomcat/util/net/SocketWrapperBase;)Lorg/apache/tomcat/util/net/AbstractEndpoint$Handler$SocketState;+733
j  org.apache.coyote.AbstractProcessorLight.process(Lorg/apache/tomcat/util/net/SocketWrapperBase;Lorg/apache/tomcat/util/net/SocketEvent;)Lorg/apache/tomcat/util/net/AbstractEndpoint$Handler$SocketState;+170
j  org.apache.coyote.AbstractProtocol$ConnectionHandler.process(Lorg/apache/tomcat/util/net/SocketWrapperBase;Lorg/apache/tomcat/util/net/SocketEvent;)Lorg/apache/tomcat/util/net/AbstractEndpoint$Handler$SocketState;+429
j  org.apache.tomcat.util.net.NioEndpoint$SocketProcessor.doRun()V+221
j  org.apache.tomcat.util.net.SocketProcessorBase.run()V+21
j  java.util.concurrent.ThreadPoolExecutor.runWorker(Ljava/util/concurrent/ThreadPoolExecutor$Worker;)V+95
j  java.util.concurrent.ThreadPoolExecutor$Worker.run()V+5
j  org.apache.tomcat.util.threads.TaskThread$WrappingRunnable.run()V+4
j  java.lang.Thread.run()V+11
v  ~StubRoutines::call_stub

---------------  P R O C E S S  ---------------

Java Threads: ( => current thread )
  0x0000000023786800 JavaThread "Java2D Disposer" daemon [_thread_blocked, id=10476, stack(0x000000002a620000,0x000000002a720000)]
  0x0000000023789800 JavaThread "ExpendHikariCP housekeeper" daemon [_thread_blocked, id=8864, stack(0x000000002ac20000,0x000000002ad20000)]
  0x0000000023784000 JavaThread "DestroyJavaVM" [_thread_blocked, id=7256, stack(0x0000000002e90000,0x0000000002f90000)]
  0x000000002378a000 JavaThread "http-nio-8081-Acceptor" daemon [_thread_in_native, id=9144, stack(0x000000002c3c0000,0x000000002c4c0000)]
  0x000000002378b000 JavaThread "http-nio-8081-ClientPoller" daemon [_thread_in_native, id=5328, stack(0x0000000029070000,0x0000000029170000)]
  0x0000000023785800 JavaThread "http-nio-8081-exec-10" daemon [_thread_blocked, id=8468, stack(0x000000002c2c0000,0x000000002c3c0000)]
  0x0000000022b99000 JavaThread "http-nio-8081-exec-9" daemon [_thread_blocked, id=1472, stack(0x000000002c1c0000,0x000000002c2c0000)]
  0x0000000022b98000 JavaThread "http-nio-8081-exec-8" daemon [_thread_blocked, id=10784, stack(0x000000002c0c0000,0x000000002c1c0000)]
  0x0000000022b96800 JavaThread "http-nio-8081-exec-7" daemon [_thread_blocked, id=11224, stack(0x000000002bfc0000,0x000000002c0c0000)]
  0x0000000022b93800 JavaThread "http-nio-8081-exec-6" daemon [_thread_blocked, id=1268, stack(0x000000002bec0000,0x000000002bfc0000)]
  0x0000000022b96000 JavaThread "http-nio-8081-exec-5" daemon [_thread_blocked, id=6316, stack(0x000000002bdc0000,0x000000002bec0000)]
  0x0000000022b92800 JavaThread "http-nio-8081-exec-4" daemon [_thread_blocked, id=5636, stack(0x000000002bcc0000,0x000000002bdc0000)]
=>0x0000000022b94800 JavaThread "http-nio-8081-exec-3" daemon [_thread_in_vm, id=7768, stack(0x000000002bbc0000,0x000000002bcc0000)]
  0x0000000022b99800 JavaThread "http-nio-8081-exec-2" daemon [_thread_blocked, id=6008, stack(0x000000002bac0000,0x000000002bbc0000)]
  0x0000000022b95000 JavaThread "http-nio-8081-exec-1" daemon [_thread_blocked, id=9468, stack(0x000000002b9c0000,0x000000002bac0000)]
  0x0000000022b97800 JavaThread "http-nio-8081-BlockPoller" daemon [_thread_in_native, id=3568, stack(0x000000002b660000,0x000000002b760000)]
  0x00000000261c9000 JavaThread "mysql-cj-abandoned-connection-cleanup" daemon [_thread_blocked, id=7868, stack(0x0000000028f70000,0x0000000029070000)]
  0x0000000026eed800 JavaThread "container-0" [_thread_blocked, id=100, stack(0x0000000025860000,0x0000000025960000)]
  0x0000000026c4b800 JavaThread "Catalina-utility-2" [_thread_blocked, id=8860, stack(0x0000000024780000,0x0000000024880000)]
  0x0000000027298000 JavaThread "Catalina-utility-1" [_thread_blocked, id=600, stack(0x0000000024210000,0x0000000024310000)]
  0x00000000200ad000 JavaThread "Service Thread" daemon [_thread_blocked, id=164, stack(0x00000000209d0000,0x0000000020ad0000)]
  0x000000002001a800 JavaThread "C1 CompilerThread3" daemon [_thread_blocked, id=9396, stack(0x00000000208d0000,0x00000000209d0000)]
  0x0000000020018000 JavaThread "C2 CompilerThread2" daemon [_thread_blocked, id=9796, stack(0x00000000207d0000,0x00000000208d0000)]
  0x000000002002c000 JavaThread "C2 CompilerThread1" daemon [_thread_blocked, id=10176, stack(0x00000000206d0000,0x00000000207d0000)]
  0x000000002002b800 JavaThread "C2 CompilerThread0" daemon [_thread_blocked, id=6364, stack(0x00000000205d0000,0x00000000206d0000)]
  0x000000001e5a6800 JavaThread "JDWP Command Reader" daemon [_thread_in_native, id=7148, stack(0x000000001fcd0000,0x000000001fdd0000)]
  0x000000001e59f800 JavaThread "JDWP Event Helper Thread" daemon [_thread_blocked, id=9696, stack(0x000000001fbd0000,0x000000001fcd0000)]
  0x000000001e593000 JavaThread "JDWP Transport Listener: dt_socket" daemon [_thread_blocked, id=232, stack(0x000000001fad0000,0x000000001fbd0000)]
  0x000000001e58a800 JavaThread "Attach Listener" daemon [_thread_blocked, id=1296, stack(0x000000001f9d0000,0x000000001fad0000)]
  0x000000001e53d000 JavaThread "Signal Dispatcher" daemon [_thread_blocked, id=11012, stack(0x000000001f8d0000,0x000000001f9d0000)]
  0x000000001e513000 JavaThread "Finalizer" daemon [_thread_blocked, id=6632, stack(0x000000001f770000,0x000000001f870000)]
  0x000000001ce3e000 JavaThread "Reference Handler" daemon [_thread_blocked, id=5856, stack(0x000000001f670000,0x000000001f770000)]

Other Threads:
  0x000000000318c800 VMThread [stack: 0x000000001f570000,0x000000001f670000] [id=7732]
  0x0000000020191000 WatcherThread [stack: 0x0000000020ad0000,0x0000000020bd0000] [id=3788]

VM state:synchronizing (normal execution)

VM Mutex/Monitor currently owned by a thread:  ([mutex/lock_event])
[0x0000000002a2cb00] Threads_lock - owner thread: 0x000000000318c800

Heap:
 PSYoungGen      total 416768K, used 209637K [0x000000076af00000, 0x000000078a580000, 0x00000007c0000000)
  eden space 402944K, 52% used [0x000000076af00000,0x0000000777bb96f8,0x0000000783880000)
  from space 13824K, 0% used [0x0000000783880000,0x0000000783880000,0x0000000784600000)
  to   space 17920K, 0% used [0x0000000789400000,0x0000000789400000,0x000000078a580000)
 ParOldGen       total 2011648K, used 1878882K [0x00000006c0c00000, 0x000000073b880000, 0x000000076af00000)
  object space 2011648K, 93% used [0x00000006c0c00000,0x00000007336d8b20,0x000000073b880000)
 Metaspace       used 65593K, capacity 68686K, committed 68952K, reserved 1110016K
  class space    used 8297K, capacity 8776K, committed 8832K, reserved 1048576K

Card table byte_map: [0x0000000012550000,0x0000000012d50000] byte_map_base: 0x000000000ef4a000

Marking Bits: (ParMarkBitMap*) 0x0000000071092f70
 Begin Bits: [0x0000000013cb0000, 0x0000000017c80000)
 End Bits:   [0x0000000017c80000, 0x000000001bc50000)

Polling page: 0x0000000000be0000

CodeCache: size=245760Kb used=24260Kb max_used=24382Kb free=221499Kb
 bounds [0x0000000003190000, 0x0000000004980000, 0x0000000012190000]
 total_blobs=7214 nmethods=6573 adapters=561
 compilation: enabled

Compilation events (10 events):
Event: 1238.886 Thread 0x000000002001a800 7721  s    3       org.apache.tomcat.util.collections.SynchronizedQueue::offer (50 bytes)
Event: 1238.887 Thread 0x000000002001a800 nmethod 7721 0x00000000046b7d10 code [0x00000000046b7ea0, 0x00000000046b8388]
Event: 1238.887 Thread 0x000000002001a800 7722  s    3       org.apache.tomcat.util.collections.SynchronizedQueue::poll (61 bytes)
Event: 1238.887 Thread 0x000000002001a800 nmethod 7722 0x00000000046b7510 code [0x00000000046b7680, 0x00000000046b7b90]
Event: 1238.887 Thread 0x0000000020018000 nmethod 7719 0x00000000046b4490 code [0x00000000046b45e0, 0x00000000046b46f8]
Event: 1242.015 Thread 0x000000002001a800 7723       1       org.apache.coyote.AbstractProtocol$ConnectionHandler::getProtocol (5 bytes)
Event: 1242.015 Thread 0x000000002001a800 nmethod 7723 0x00000000046b7250 code [0x00000000046b73a0, 0x00000000046b74b0]
Event: 1242.016 Thread 0x000000002001a800 7724       3       org.springframework.util.StringUtils::uriDecode (245 bytes)
Event: 1242.017 Thread 0x000000002002c000 7729       4       sun.security.provider.SHA5::lf_sigma0 (21 bytes)
Event: 1242.018 Thread 0x000000002002c000 nmethod 7729 0x00000000046feb50 code [0x00000000046fec80, 0x00000000046fecd8]

GC Heap History (10 events):
Event: 3.568 GC heap before
{Heap before GC invocations=8 (full 1):
 PSYoungGen      total 244224K, used 67733K [0x000000076af00000, 0x000000077ad80000, 0x00000007c0000000)
  eden space 232960K, 24% used [0x000000076af00000,0x000000076e65df88,0x0000000779280000)
  from space 11264K, 97% used [0x000000077a280000,0x000000077ad47630,0x000000077ad80000)
  to   space 12800K, 0% used [0x0000000779480000,0x0000000779480000,0x000000077a100000)
 ParOldGen       total 80896K, used 4997K [0x00000006c0c00000, 0x00000006c5b00000, 0x000000076af00000)
  object space 80896K, 6% used [0x00000006c0c00000,0x00000006c10e17a8,0x00000006c5b00000)
 Metaspace       used 33794K, capacity 35376K, committed 35416K, reserved 1079296K
  class space    used 4400K, capacity 4726K, committed 4736K, reserved 1048576K
Event: 3.574 GC heap after
Heap after GC invocations=8 (full 1):
 PSYoungGen      total 247808K, used 8913K [0x000000076af00000, 0x0000000785400000, 0x00000007c0000000)
  eden space 235008K, 0% used [0x000000076af00000,0x000000076af00000,0x0000000779480000)
  from space 12800K, 69% used [0x0000000779480000,0x0000000779d345d8,0x000000077a100000)
  to   space 12800K, 0% used [0x0000000784780000,0x0000000784780000,0x0000000785400000)
 ParOldGen       total 80896K, used 5005K [0x00000006c0c00000, 0x00000006c5b00000, 0x000000076af00000)
  object space 80896K, 6% used [0x00000006c0c00000,0x00000006c10e37a8,0x00000006c5b00000)
 Metaspace       used 33794K, capacity 35376K, committed 35416K, reserved 1079296K
  class space    used 4400K, capacity 4726K, committed 4736K, reserved 1048576K
}
Event: 3.575 GC heap before
{Heap before GC invocations=9 (full 2):
 PSYoungGen      total 247808K, used 8913K [0x000000076af00000, 0x0000000785400000, 0x00000007c0000000)
  eden space 235008K, 0% used [0x000000076af00000,0x000000076af00000,0x0000000779480000)
  from space 12800K, 69% used [0x0000000779480000,0x0000000779d345d8,0x000000077a100000)
  to   space 12800K, 0% used [0x0000000784780000,0x0000000784780000,0x0000000785400000)
 ParOldGen       total 80896K, used 5005K [0x00000006c0c00000, 0x00000006c5b00000, 0x000000076af00000)
  object space 80896K, 6% used [0x00000006c0c00000,0x00000006c10e37a8,0x00000006c5b00000)
 Metaspace       used 33794K, capacity 35376K, committed 35416K, reserved 1079296K
  class space    used 4400K, capacity 4726K, committed 4736K, reserved 1048576K
Event: 3.644 GC heap after
Heap after GC invocations=9 (full 2):
 PSYoungGen      total 247808K, used 0K [0x000000076af00000, 0x0000000785400000, 0x00000007c0000000)
  eden space 235008K, 0% used [0x000000076af00000,0x000000076af00000,0x0000000779480000)
  from space 12800K, 0% used [0x0000000779480000,0x0000000779480000,0x000000077a100000)
  to   space 12800K, 0% used [0x0000000784780000,0x0000000784780000,0x0000000785400000)
 ParOldGen       total 117760K, used 13207K [0x00000006c0c00000, 0x00000006c7f00000, 0x000000076af00000)
  object space 117760K, 11% used [0x00000006c0c00000,0x00000006c18e5cb8,0x00000006c7f00000)
 Metaspace       used 33794K, capacity 35376K, committed 35416K, reserved 1079296K
  class space    used 4400K, capacity 4726K, committed 4736K, reserved 1048576K
}
Event: 5.094 GC heap before
{Heap before GC invocations=10 (full 2):
 PSYoungGen      total 247808K, used 235008K [0x000000076af00000, 0x0000000785400000, 0x00000007c0000000)
  eden space 235008K, 100% used [0x000000076af00000,0x0000000779480000,0x0000000779480000)
  from space 12800K, 0% used [0x0000000779480000,0x0000000779480000,0x000000077a100000)
  to   space 12800K, 0% used [0x0000000784780000,0x0000000784780000,0x0000000785400000)
 ParOldGen       total 117760K, used 13207K [0x00000006c0c00000, 0x00000006c7f00000, 0x000000076af00000)
  object space 117760K, 11% used [0x00000006c0c00000,0x00000006c18e5cb8,0x00000006c7f00000)
 Metaspace       used 45558K, capacity 47568K, committed 47832K, reserved 1091584K
  class space    used 5899K, capacity 6288K, committed 6400K, reserved 1048576K
Event: 5.103 GC heap after
Heap after GC invocations=10 (full 2):
 PSYoungGen      total 380928K, used 11800K [0x000000076af00000, 0x0000000785380000, 0x00000007c0000000)
  eden space 368640K, 0% used [0x000000076af00000,0x000000076af00000,0x0000000781700000)
  from space 12288K, 96% used [0x0000000784780000,0x00000007853060f8,0x0000000785380000)
  to   space 13824K, 0% used [0x0000000783880000,0x0000000783880000,0x0000000784600000)
 ParOldGen       total 117760K, used 13279K [0x00000006c0c00000, 0x00000006c7f00000, 0x000000076af00000)
  object space 117760K, 11% used [0x00000006c0c00000,0x00000006c18f7cc8,0x00000006c7f00000)
 Metaspace       used 45558K, capacity 47568K, committed 47832K, reserved 1091584K
  class space    used 5899K, capacity 6288K, committed 6400K, reserved 1048576K
}
Event: 524.139 GC heap before
{Heap before GC invocations=11 (full 2):
 PSYoungGen      total 380928K, used 298283K [0x000000076af00000, 0x0000000785380000, 0x00000007c0000000)
  eden space 368640K, 77% used [0x000000076af00000,0x000000077c6c4e40,0x0000000781700000)
  from space 12288K, 96% used [0x0000000784780000,0x00000007853060f8,0x0000000785380000)
  to   space 13824K, 0% used [0x0000000783880000,0x0000000783880000,0x0000000784600000)
 ParOldGen       total 117760K, used 13279K [0x00000006c0c00000, 0x00000006c7f00000, 0x000000076af00000)
  object space 117760K, 11% used [0x00000006c0c00000,0x00000006c18f7cc8,0x00000006c7f00000)
 Metaspace       used 56063K, capacity 58826K, committed 58968K, reserved 1099776K
  class space    used 7217K, capacity 7687K, committed 7808K, reserved 1048576K
Event: 524.154 GC heap after
Heap after GC invocations=11 (full 2):
 PSYoungGen      total 416768K, used 13819K [0x000000076af00000, 0x000000078a580000, 0x00000007c0000000)
  eden space 402944K, 0% used [0x000000076af00000,0x000000076af00000,0x0000000783880000)
  from space 13824K, 99% used [0x0000000783880000,0x00000007845fee68,0x0000000784600000)
  to   space 17920K, 0% used [0x0000000789400000,0x0000000789400000,0x000000078a580000)
 ParOldGen       total 117760K, used 19841K [0x00000006c0c00000, 0x00000006c7f00000, 0x000000076af00000)
  object space 117760K, 16% used [0x00000006c0c00000,0x00000006c1f60430,0x00000006c7f00000)
 Metaspace       used 56063K, capacity 58826K, committed 58968K, reserved 1099776K
  class space    used 7217K, capacity 7687K, committed 7808K, reserved 1048576K
}
Event: 524.154 GC heap before
{Heap before GC invocations=12 (full 3):
 PSYoungGen      total 416768K, used 13819K [0x000000076af00000, 0x000000078a580000, 0x00000007c0000000)
  eden space 402944K, 0% used [0x000000076af00000,0x000000076af00000,0x0000000783880000)
  from space 13824K, 99% used [0x0000000783880000,0x00000007845fee68,0x0000000784600000)
  to   space 17920K, 0% used [0x0000000789400000,0x0000000789400000,0x000000078a580000)
 ParOldGen       total 117760K, used 19841K [0x00000006c0c00000, 0x00000006c7f00000, 0x000000076af00000)
  object space 117760K, 16% used [0x00000006c0c00000,0x00000006c1f60430,0x00000006c7f00000)
 Metaspace       used 56063K, capacity 58826K, committed 58968K, reserved 1099776K
  class space    used 7217K, capacity 7687K, committed 7808K, reserved 1048576K
Event: 524.282 GC heap after
Heap after GC invocations=12 (full 3):
 PSYoungGen      total 416768K, used 0K [0x000000076af00000, 0x000000078a580000, 0x00000007c0000000)
  eden space 402944K, 0% used [0x000000076af00000,0x000000076af00000,0x0000000783880000)
  from space 13824K, 0% used [0x0000000783880000,0x0000000783880000,0x0000000784600000)
  to   space 17920K, 0% used [0x0000000789400000,0x0000000789400000,0x000000078a580000)
 ParOldGen       total 161792K, used 29051K [0x00000006c0c00000, 0x00000006caa00000, 0x000000076af00000)
  object space 161792K, 17% used [0x00000006c0c00000,0x00000006c285ed38,0x00000006caa00000)
 Metaspace       used 56063K, capacity 58826K, committed 58968K, reserved 1099776K
  class space    used 7217K, capacity 7687K, committed 7808K, reserved 1048576K
}

Deoptimization events (10 events):
Event: 878.431 Thread 0x0000000022b98000 Uncommon trap: reason=bimorphic action=maybe_recompile pc=0x000000000444aa24 method=java.util.Hashtable.addEntry(ILjava/lang/Object;Ljava/lang/Object;I)V @ 38
Event: 878.440 Thread 0x0000000022b98000 Uncommon trap: reason=unstable_if action=reinterpret pc=0x00000000048e082c method=sun.awt.image.ByteInterleavedRaster.putByteData(IIII[B)V @ 79
Event: 878.529 Thread 0x0000000022b98000 Uncommon trap: reason=range_check action=none pc=0x00000000035474a4 method=sun.reflect.generics.parser.SignatureParser.current()C @ 34
Event: 880.424 Thread 0x0000000022b99000 Uncommon trap: reason=bimorphic action=maybe_recompile pc=0x000000000396678c method=java.util.concurrent.ConcurrentHashMap.computeIfAbsent(Ljava/lang/Object;Ljava/util/function/Function;)Ljava/lang/Object; @ 17
Event: 902.468 Thread 0x0000000022b95000 Uncommon trap: reason=unstable_if action=reinterpret pc=0x000000000439787c method=java.io.WinNTFileSystem.normalizePrefix(Ljava/lang/String;ILjava/lang/StringBuffer;)I @ 49
Event: 919.782 Thread 0x0000000022b92800 Uncommon trap: reason=unhandled action=none pc=0x0000000003aa451c method=java.net.URLClassLoader.findClass(Ljava/lang/String;)Ljava/lang/Class; @ 44
Event: 919.784 Thread 0x0000000022b92800 Uncommon trap: reason=unhandled action=none pc=0x0000000003aa451c method=java.net.URLClassLoader.findClass(Ljava/lang/String;)Ljava/lang/Class; @ 44
Event: 919.784 Thread 0x0000000022b92800 Uncommon trap: reason=unhandled action=none pc=0x0000000003aa451c method=java.net.URLClassLoader.findClass(Ljava/lang/String;)Ljava/lang/Class; @ 44
Event: 919.784 Thread 0x0000000022b92800 Uncommon trap: reason=unhandled action=none pc=0x0000000003aa451c method=java.net.URLClassLoader.findClass(Ljava/lang/String;)Ljava/lang/Class; @ 44
Event: 1221.671 Thread 0x0000000023785800 Uncommon trap: reason=bimorphic action=maybe_recompile pc=0x000000000396678c method=java.util.concurrent.ConcurrentHashMap.computeIfAbsent(Ljava/lang/Object;Ljava/util/function/Function;)Ljava/lang/Object; @ 17

Internal exceptions (10 events):
Event: 599.471 Thread 0x0000000022b95000 Exception <a 'java/lang/ArrayIndexOutOfBoundsException': 23> (0x0000000772f0e518) thrown at [C:\re\workspace\8-2-build-windows-amd64-cygwin\jdk8u91\6644\hotspot\src\share\vm\interpreter\interpreterRuntime.cpp, line 366]
Event: 599.471 Thread 0x0000000022b95000 Exception <a 'java/lang/ArrayIndexOutOfBoundsException': 22> (0x0000000772f0f618) thrown at [C:\re\workspace\8-2-build-windows-amd64-cygwin\jdk8u91\6644\hotspot\src\share\vm\interpreter\interpreterRuntime.cpp, line 366]
Event: 599.471 Thread 0x0000000022b95000 Exception <a 'java/lang/ArrayIndexOutOfBoundsException': 105> (0x0000000772f111e0) thrown at [C:\re\workspace\8-2-build-windows-amd64-cygwin\jdk8u91\6644\hotspot\src\share\vm\interpreter\interpreterRuntime.cpp, line 366]
Event: 599.471 Thread 0x0000000022b95000 Exception <a 'java/lang/ArrayIndexOutOfBoundsException': 40> (0x0000000772f2bf00) thrown at [C:\re\workspace\8-2-build-windows-amd64-cygwin\jdk8u91\6644\hotspot\src\share\vm\interpreter\interpreterRuntime.cpp, line 366]
Event: 599.472 Thread 0x0000000022b95000 Exception <a 'java/lang/ArrayIndexOutOfBoundsException': 52> (0x0000000772f2d178) thrown at [C:\re\workspace\8-2-build-windows-amd64-cygwin\jdk8u91\6644\hotspot\src\share\vm\interpreter\interpreterRuntime.cpp, line 366]
Event: 599.521 Thread 0x0000000022b95000 Exception <a 'java/lang/ArrayIndexOutOfBoundsException': 107> (0x00000007735c2750) thrown at [C:\re\workspace\8-2-build-windows-amd64-cygwin\jdk8u91\6644\hotspot\src\share\vm\interpreter\interpreterRuntime.cpp, line 366]
Event: 827.854 Thread 0x0000000022b93800 Exception <a 'java/lang/ArrayIndexOutOfBoundsException': 137> (0x0000000773ef13f8) thrown at [C:\re\workspace\8-2-build-windows-amd64-cygwin\jdk8u91\6644\hotspot\src\share\vm\interpreter\interpreterRuntime.cpp, line 366]
Event: 878.268 Thread 0x0000000022b98000 Exception <a 'java/io/FileNotFoundException'> (0x00000007747e56e0) thrown at [C:\re\workspace\8-2-build-windows-amd64-cygwin\jdk8u91\6644\hotspot\src\share\vm\prims\jni.cpp, line 709]
Event: 878.420 Thread 0x0000000022b98000 Exception <a 'java/io/FileNotFoundException'> (0x0000000776cc6fc8) thrown at [C:\re\workspace\8-2-build-windows-amd64-cygwin\jdk8u91\6644\hotspot\src\share\vm\prims\jni.cpp, line 709]
Event: 878.529 Thread 0x0000000022b98000 Exception <a 'java/lang/ArrayIndexOutOfBoundsException': 106> (0x000000077781ccf8) thrown at [C:\re\workspace\8-2-build-windows-amd64-cygwin\jdk8u91\6644\hotspot\src\share\vm\interpreter\interpreterRuntime.cpp, line 366]

Events (10 events):
Event: 1111.159 Thread 0x000000002001a800 flushing nmethod 0x00000000046af890
Event: 1111.159 Thread 0x000000002001a800 flushing nmethod 0x00000000046fe8d0
Event: 1111.159 Thread 0x000000002001a800 flushing nmethod 0x000000000476d4d0
Event: 1111.159 Thread 0x000000002001a800 flushing nmethod 0x00000000047c9f10
Event: 1221.671 Thread 0x0000000023785800 Uncommon trap: trap_request=0xffffffc6 fr.pc=0x000000000396678c
Event: 1221.671 Thread 0x0000000023785800 DEOPT PACKING pc=0x000000000396678c sp=0x000000002c3bc670
Event: 1221.671 Thread 0x0000000023785800 DEOPT UNPACKING pc=0x00000000031d582a sp=0x000000002c3bc620 mode 2
Event: 1221.697 Executing VM operation: RevokeBias
Event: 1221.697 Executing VM operation: RevokeBias done
Event: 1242.019 Executing VM operation: RevokeBias


Dynamic libraries:
0x00007ff763bd0000 - 0x00007ff763c07000 	C:\Program Files\java\jdk1.8.0_91\bin\javaw.exe
0x00007ffb7eee0000 - 0x00007ffb7f0d0000 	C:\Windows\SYSTEM32\ntdll.dll
0x00007ffb7d9d0000 - 0x00007ffb7da82000 	C:\Windows\System32\KERNEL32.DLL
0x00007ffb7c6b0000 - 0x00007ffb7c954000 	C:\Windows\System32\KERNELBASE.dll
0x00007ffb7d080000 - 0x00007ffb7d123000 	C:\Windows\System32\ADVAPI32.dll
0x00007ffb7eb80000 - 0x00007ffb7ec1e000 	C:\Windows\System32\msvcrt.dll
0x00007ffb7d520000 - 0x00007ffb7d5b7000 	C:\Windows\System32\sechost.dll
0x00007ffb7e7a0000 - 0x00007ffb7e8c0000 	C:\Windows\System32\RPCRT4.dll
0x00007ffb7d210000 - 0x00007ffb7d3a4000 	C:\Windows\System32\USER32.dll
0x00007ffb7ce30000 - 0x00007ffb7ce51000 	C:\Windows\System32\win32u.dll
0x00007ffb7cf90000 - 0x00007ffb7cfb6000 	C:\Windows\System32\GDI32.dll
0x00007ffb7cb30000 - 0x00007ffb7ccc5000 	C:\Windows\System32\gdi32full.dll
0x00007ffb7c5f0000 - 0x00007ffb7c68e000 	C:\Windows\System32\msvcp_win.dll
0x00007ffb7cd30000 - 0x00007ffb7ce2a000 	C:\Windows\System32\ucrtbase.dll
0x00007ffb6dca0000 - 0x00007ffb6df24000 	C:\Windows\WinSxS\amd64_microsoft.windows.common-controls_6595b64144ccf1df_6.0.18362.900_none_e6beb9d913147d17\COMCTL32.dll
0x00007ffb7d690000 - 0x00007ffb7d9c5000 	C:\Windows\System32\combase.dll
0x00007ffb7c960000 - 0x00007ffb7c9e0000 	C:\Windows\System32\bcryptPrimitives.dll
0x00007ffb7d420000 - 0x00007ffb7d44e000 	C:\Windows\System32\IMM32.DLL
0x00000000705c0000 - 0x0000000070692000 	C:\Program Files\java\jdk1.8.0_91\jre\bin\msvcr100.dll
0x0000000070880000 - 0x0000000071113000 	C:\Program Files\java\jdk1.8.0_91\jre\bin\server\jvm.dll
0x00007ffb7d070000 - 0x00007ffb7d078000 	C:\Windows\System32\PSAPI.DLL
0x00007ffb53f40000 - 0x00007ffb53f49000 	C:\Windows\SYSTEM32\WSOCK32.dll
0x00007ffb7b940000 - 0x00007ffb7b94a000 	C:\Windows\SYSTEM32\VERSION.dll
0x00007ffb7d3b0000 - 0x00007ffb7d41f000 	C:\Windows\System32\WS2_32.dll
0x00007ffb79d40000 - 0x00007ffb79d64000 	C:\Windows\SYSTEM32\WINMM.dll
0x00007ffb79c30000 - 0x00007ffb79c5d000 	C:\Windows\SYSTEM32\winmmbase.dll
0x00007ffb7ce60000 - 0x00007ffb7ceaa000 	C:\Windows\System32\cfgmgr32.dll
0x0000000070790000 - 0x000000007079f000 	C:\Program Files\java\jdk1.8.0_91\jre\bin\verify.dll
0x0000000070760000 - 0x0000000070789000 	C:\Program Files\java\jdk1.8.0_91\jre\bin\java.dll
0x0000000070580000 - 0x00000000705b5000 	C:\Program Files\java\jdk1.8.0_91\jre\bin\jdwp.dll
0x0000000070570000 - 0x0000000070578000 	C:\Program Files\java\jdk1.8.0_91\jre\bin\npt.dll
0x0000000070730000 - 0x0000000070753000 	C:\Program Files\java\jdk1.8.0_91\jre\bin\instrument.dll
0x0000000070710000 - 0x0000000070726000 	C:\Program Files\java\jdk1.8.0_91\jre\bin\zip.dll
0x00007ffb7dc40000 - 0x00007ffb7e326000 	C:\Windows\System32\SHELL32.dll
0x00007ffb7ed80000 - 0x00007ffb7ee29000 	C:\Windows\System32\shcore.dll
0x00007ffb7be70000 - 0x00007ffb7c5f0000 	C:\Windows\System32\windows.storage.dll
0x00007ffb7be20000 - 0x00007ffb7be43000 	C:\Windows\System32\profapi.dll
0x00007ffb7bdb0000 - 0x00007ffb7bdfa000 	C:\Windows\System32\powrprof.dll
0x00007ffb7bda0000 - 0x00007ffb7bdb0000 	C:\Windows\System32\UMPDC.dll
0x00007ffb7eaa0000 - 0x00007ffb7eaf2000 	C:\Windows\System32\shlwapi.dll
0x00007ffb7be00000 - 0x00007ffb7be11000 	C:\Windows\System32\kernel.appcore.dll
0x00007ffb7c690000 - 0x00007ffb7c6a7000 	C:\Windows\System32\cryptsp.dll
0x0000000070560000 - 0x0000000070569000 	C:\Program Files\java\jdk1.8.0_91\jre\bin\dt_socket.dll
0x00007ffb6b6c0000 - 0x00007ffb6b6d6000 	C:\Windows\system32\napinsp.dll
0x00007ffb6aca0000 - 0x00007ffb6acba000 	C:\Windows\system32\pnrpnsp.dll
0x00007ffb7b540000 - 0x00007ffb7b5a7000 	C:\Windows\System32\mswsock.dll
0x00007ffb7b290000 - 0x00007ffb7b35b000 	C:\Windows\SYSTEM32\DNSAPI.dll
0x00007ffb7e8c0000 - 0x00007ffb7e8c8000 	C:\Windows\System32\NSI.dll
0x00007ffb7b250000 - 0x00007ffb7b28a000 	C:\Windows\SYSTEM32\IPHLPAPI.DLL
0x00007ffb6ac90000 - 0x00007ffb6ac9e000 	C:\Windows\System32\winrnr.dll
0x00007ffb78580000 - 0x00007ffb7859c000 	C:\Windows\system32\NLAapi.dll
0x00007ffb6ac20000 - 0x00007ffb6ac35000 	C:\Windows\system32\wshbth.dll
0x00007ffb76d50000 - 0x00007ffb76dc7000 	C:\Windows\System32\fwpuclnt.dll
0x00007ffb7ceb0000 - 0x00007ffb7ced6000 	C:\Windows\System32\bcrypt.dll
0x00007ffb76c70000 - 0x00007ffb76c7a000 	C:\Windows\System32\rasadhlp.dll
0x0000000070550000 - 0x000000007055d000 	C:\Program Files\java\jdk1.8.0_91\jre\bin\management.dll
0x00000000706f0000 - 0x000000007070a000 	C:\Program Files\java\jdk1.8.0_91\jre\bin\net.dll
0x00000000706d0000 - 0x00000000706e1000 	C:\Program Files\java\jdk1.8.0_91\jre\bin\nio.dll
0x00007ffb7b0b0000 - 0x00007ffb7b0e3000 	C:\Windows\system32\rsaenh.dll
0x00007ffb7bcc0000 - 0x00007ffb7bce5000 	C:\Windows\SYSTEM32\USERENV.dll
0x00007ffb7b710000 - 0x00007ffb7b71c000 	C:\Windows\SYSTEM32\CRYPTBASE.dll
0x00007ffb770e0000 - 0x00007ffb770f6000 	C:\Windows\SYSTEM32\dhcpcsvc6.DLL
0x00007ffb770c0000 - 0x00007ffb770dc000 	C:\Windows\SYSTEM32\dhcpcsvc.DLL
0x00000000706a0000 - 0x00000000706c4000 	C:\Program Files\java\jdk1.8.0_91\jre\bin\sunec.dll
0x0000000070540000 - 0x000000007054b000 	C:\Program Files\java\jdk1.8.0_91\jre\bin\sunmscapi.dll
0x00007ffb7c9e0000 - 0x00007ffb7cb29000 	C:\Windows\System32\CRYPT32.dll
0x00007ffb7be50000 - 0x00007ffb7be62000 	C:\Windows\System32\MSASN1.dll
0x00000000702b0000 - 0x0000000070448000 	C:\Program Files\java\jdk1.8.0_91\jre\bin\awt.dll
0x00007ffb7d450000 - 0x00007ffb7d515000 	C:\Windows\System32\OLEAUT32.dll
0x00007ffb79fd0000 - 0x00007ffb7a05f000 	C:\Windows\SYSTEM32\apphelp.dll
0x0000000070270000 - 0x00000000702a1000 	C:\Program Files\java\jdk1.8.0_91\jre\bin\jpeg.dll
0x0000000070230000 - 0x000000007026c000 	C:\Program Files\java\jdk1.8.0_91\jre\bin\lcms.dll
0x00007ffb7a5e0000 - 0x00007ffb7a60d000 	C:\Windows\system32\DWMAPI.DLL
0x00007ffb7a0a0000 - 0x00007ffb7a139000 	C:\Windows\system32\uxtheme.dll
0x00007ffb6b4c0000 - 0x00007ffb6b6b4000 	C:\Windows\SYSTEM32\dbghelp.dll

VM Arguments:
jvm_args: -agentlib:jdwp=transport=dt_socket,suspend=y,address=localhost:50871 -javaagent:D:\java\eclipse\configuration\org.eclipse.osgi\411\0\.cp\lib\javaagent-shaded.jar -Dfile.encoding=UTF-8 
java_command: com.tongchuang.general.GeneralApplication
java_class_path (initial): C:\Users\Admin\git\coupon\target\classes;D:\repository\org\springframework\boot\spring-boot-starter-web\2.2.2.RELEASE\spring-boot-starter-web-2.2.2.RELEASE.jar;D:\repository\org\springframework\boot\spring-boot-starter\2.2.2.RELEASE\spring-boot-starter-2.2.2.RELEASE.jar;D:\repository\org\springframework\boot\spring-boot\2.2.2.RELEASE\spring-boot-2.2.2.RELEASE.jar;D:\repository\org\springframework\boot\spring-boot-starter-logging\2.2.2.RELEASE\spring-boot-starter-logging-2.2.2.RELEASE.jar;D:\repository\ch\qos\logback\logback-classic\1.2.3\logback-classic-1.2.3.jar;D:\repository\ch\qos\logback\logback-core\1.2.3\logback-core-1.2.3.jar;D:\repository\org\apache\logging\log4j\log4j-to-slf4j\2.12.1\log4j-to-slf4j-2.12.1.jar;D:\repository\org\apache\logging\log4j\log4j-api\2.12.1\log4j-api-2.12.1.jar;D:\repository\org\slf4j\jul-to-slf4j\1.7.29\jul-to-slf4j-1.7.29.jar;D:\repository\jakarta\annotation\jakarta.annotation-api\1.3.5\jakarta.annotation-api-1.3.5.jar;D:\repository\org\yaml\snakeyaml\1.25\snakeyaml-1.25.jar;D:\repository\org\springframework\boot\spring-boot-starter-json\2.2.2.RELEASE\spring-boot-starter-json-2.2.2.RELEASE.jar;D:\repository\com\fasterxml\jackson\datatype\jackson-datatype-jdk8\2.10.1\jackson-datatype-jdk8-2.10.1.jar;D:\repository\com\fasterxml\jackson\datatype\jackson-datatype-jsr310\2.10.1\jackson-datatype-jsr310-2.10.1.jar;D:\repository\com\fasterxml\jackson\module\jackson-module-parameter-names\2.10.1\jackson-module-parameter-names-2.10.1.jar;D:\repository\org\springframework\boot\spring-boot-starter-tomcat\2.2.2.RELEASE\spring-boot-starter-tomcat-2.2.2.RELEASE.jar;D:\repository\org\apache\tomcat\embed\tomcat-embed-core\9.0.29\tomcat-embed-core-9.0.29.jar;D:\repository\org\apache\tomcat\embed\tomcat-embed-el\9.0.29\tomcat-embed-el-9.0.29.jar;D:\repository\org\apache\tomcat\embed\tomcat-embed-websocket\9.0.29\tomcat-embed-websocket-9.0.29.jar;D:\repository\org\springframework\boot\spring-boot-starter-validation\2.2.2.R
Launcher Type: SUN_STANDARD

Environment Variables:
JAVA_HOME=C:\Program Files\java\jdk1.8.0_91
PATH=C:/Program Files/java/jdk1.8.0_91/bin/../jre/bin/server;C:/Program Files/java/jdk1.8.0_91/bin/../jre/bin;C:/Program Files/java/jdk1.8.0_91/bin/../jre/lib/amd64;C:\Windows\system32;C:\Windows;C:\Windows\System32\Wbem;C:\Windows\System32\WindowsPowerShell\v1.0\;C:\Windows\System32\OpenSSH\;C:\Program Files\java\jdk1.8.0_91\bin;C:\Program Files\java\jdk1.8.0_91\jre\bin;D:\config\apache-maven-3.6.3\bin;C:\Program Files (x86)\Bitvise SSH Client;C:\Program Files\Git\cmd;C:\Program Files\TortoiseGit\bin;C:\Users\Admin\AppData\Local\Microsoft\WindowsApps;;D:\java\eclipse;
USERNAME=Admin
OS=Windows_NT
PROCESSOR_IDENTIFIER=AMD64 Family 23 Model 8 Stepping 2, AuthenticAMD



---------------  S Y S T E M  ---------------

OS: Windows 10.0 , 64 bit Build 18362 (10.0.18362.900)

CPU:total 12 (12 cores per cpu, 1 threads per core) family 23 model 8 stepping 2, cmov, cx8, fxsr, mmx, sse, sse2, sse3, ssse3, sse4.1, sse4.2, popcnt, avx, avx2, aes, clmul, mmxext, 3dnowpref, lzcnt, sse4a, tsc, tscinvbit, tscinv, bmi1

Memory: 4k page, physical 16727988k(9121920k free), swap 17776564k(4513508k free)

vm_info: Java HotSpot(TM) 64-Bit Server VM (25.91-b14) for windows-amd64 JRE (1.8.0_91-b14), built on Apr  1 2016 00:58:32 by "java_re" with MS VC++ 10.0 (VS2010)

time: Fri Jun 19 11:18:42 2020
elapsed time: 1242 seconds (0d 0h 20m 42s)

